[18:42:22] [main/INFO] (FabricLoader/GameProvider) Loading Minecraft 1.18.2 with Fabric Loader 0.13.3
[18:42:22] [main/INFO] (FabricLoader) Loading 47 mods:
	- fabric 0.47.8+1.18.2
	- fabric-api-base 0.4.3+d7c144a8d2
	- fabric-api-lookup-api-v1 1.5.6+d7c144a8d2
	- fabric-biome-api-v1 8.0.1+2873dd57d2
	- fabric-blockrenderlayer-v1 1.1.11+3ac43d95d2
	- fabric-command-api-v1 1.1.8+d7c144a8d2
	- fabric-commands-v0 0.2.7+b4f4f6cdd2
	- fabric-containers-v0 0.1.20+d7c144a8d2
	- fabric-content-registries-v0 3.0.0+d82b9392d2
	- fabric-crash-report-info-v1 0.1.10+3ac43d95d2
	- fabric-data-generation-api-v1 2.0.4+ebd24f87d2
	- fabric-dimensions-v1 2.1.16+25407454d2
	- fabric-entity-events-v1 1.4.7+d7c144a8d2
	- fabric-events-interaction-v0 0.4.18+d7c144a8d2
	- fabric-events-lifecycle-v0 0.2.12+d7c144a8d2
	- fabric-game-rule-api-v1 1.0.12+d7c144a8d2
	- fabric-gametest-api-v1 1.0.13+25407454d2
	- fabric-item-api-v1 1.3.2+691a79b5d2
	- fabric-item-groups-v0 0.3.8+3ac43d95d2
	- fabric-key-binding-api-v1 1.0.11+54e5b2ecd2
	- fabric-keybindings-v0 0.2.9+b4f4f6cdd2
	- fabric-lifecycle-events-v1 2.0.1+25407454d2
	- fabric-loot-tables-v1 1.0.10+d7c144a8d2
	- fabric-mining-level-api-v1 2.0.2+d1027f7dd2
	- fabric-models-v0 0.3.5+d7c144a8d2
	- fabric-networking-api-v1 1.0.20+d882b915d2
	- fabric-networking-v0 0.3.7+b4f4f6cdd2
	- fabric-object-builder-api-v1 2.0.1+d882b915d2
	- fabric-particles-v1 0.2.11+526dc1acd2
	- fabric-registry-sync-v0 0.9.5+55dca1a4d2
	- fabric-renderer-api-v1 0.4.12+d882b915d2
	- fabric-renderer-indigo 0.4.16+d8c7b9aed2
	- fabric-renderer-registries-v1 3.2.10+b4f4f6cdd2
	- fabric-rendering-data-attachment-v1 0.3.6+d7c144a8d2
	- fabric-rendering-fluids-v1 2.0.1+54e5b2ecd2
	- fabric-rendering-v0 1.1.12+b4f4f6cdd2
	- fabric-rendering-v1 1.10.6+54e5b2ecd2
	- fabric-resource-conditions-api-v1 2.0.1+d1027f7dd2
	- fabric-resource-loader-v0 0.4.16+55dca1a4d2
	- fabric-screen-api-v1 1.0.9+d882b915d2
	- fabric-screen-handler-api-v1 1.1.13+d7c144a8d2
	- fabric-textures-v0 1.0.11+3ac43d95d2
	- fabric-transfer-api-v1 1.5.12+d882b915d2
	- fabricloader 0.13.3
	- java 18
	- minecraft 1.18.2
	- modid 0.0.0
[18:42:23] [main/INFO] (FabricLoader/Mixin) SpongePowered MIXIN Subsystem Version=0.8.5 Source=file:/C:/Users/dimap/.gradle/caches/modules-2/files-2.1/net.fabricmc/sponge-mixin/0.11.2+mixin.0.8.5/f4ae569d559b5e3244b67321945261d83ff7ad8e/sponge-mixin-0.11.2+mixin.0.8.5.jar Service=Knot/Fabric Env=CLIENT
[18:42:23] [main/INFO] (FabricLoader/Mixin) Loaded Fabric development mappings for mixin remapper!
[18:42:23] [main/INFO] (FabricLoader/Mixin) Compatibility level set to JAVA_16
[18:42:23] [main/INFO] (FabricLoader/Mixin) Compatibility level set to JAVA_17
[18:42:34] [main/WARN] (FabricLoader/Mixin) @Inject(@At("INVOKE")) Shift.BY=3 on fabric-lifecycle-events-v1.mixins.json:client.WorldChunkMixin::handler$zea000$onLoadBlockEntity exceeds the maximum allowed value: 0. Increase the value of maxShiftBy to suppress this warning.
[18:42:40] [Render thread/INFO] (Minecraft) Environment: authHost='https://authserver.mojang.com', accountsHost='https://api.mojang.com', sessionHost='https://sessionserver.mojang.com', servicesHost='https://api.minecraftservices.com', name='PROD'
[18:42:41] [Render thread/ERROR] (Minecraft) Failed to verify authentication
com.mojang.authlib.exceptions.InvalidCredentialsException: Status: 401
	at com.mojang.authlib.exceptions.MinecraftClientHttpException.toAuthenticationException(MinecraftClientHttpException.java:56) ~[authlib-3.3.39.jar:?]
	at com.mojang.authlib.yggdrasil.YggdrasilUserApiService.fetchProperties(YggdrasilUserApiService.java:132) ~[authlib-3.3.39.jar:?]
	at com.mojang.authlib.yggdrasil.YggdrasilUserApiService.<init>(YggdrasilUserApiService.java:44) ~[authlib-3.3.39.jar:?]
	at com.mojang.authlib.yggdrasil.YggdrasilAuthenticationService.createUserApiService(YggdrasilAuthenticationService.java:153) ~[authlib-3.3.39.jar:?]
	at net.minecraft.client.MinecraftClient.createUserApiService(MinecraftClient.java:680) [minecraft-project-@-merged-named.jar:?]
	at net.minecraft.client.MinecraftClient.<init>(MinecraftClient.java:424) [minecraft-project-@-merged-named.jar:?]
	at net.minecraft.client.main.Main.main(Main.java:197) [minecraft-project-@-merged-named.jar:?]
	at jdk.internal.reflect.DirectMethodHandleAccessor.invoke(DirectMethodHandleAccessor.java:104) ~[?:?]
	at java.lang.reflect.Method.invoke(Method.java:577) ~[?:?]
	at net.fabricmc.loader.impl.game.minecraft.MinecraftGameProvider.launch(MinecraftGameProvider.java:416) [fabric-loader-0.13.3.jar:?]
	at net.fabricmc.loader.impl.launch.knot.Knot.launch(Knot.java:77) [fabric-loader-0.13.3.jar:?]
	at net.fabricmc.loader.impl.launch.knot.KnotClient.main(KnotClient.java:23) [fabric-loader-0.13.3.jar:?]
	at net.fabricmc.devlaunchinjector.Main.main(Main.java:86) [dev-launch-injector-0.2.1+build.8.jar:?]
Caused by: com.mojang.authlib.exceptions.MinecraftClientHttpException: Status: 401
	at com.mojang.authlib.minecraft.client.MinecraftClient.readInputStream(MinecraftClient.java:78) ~[authlib-3.3.39.jar:?]
	at com.mojang.authlib.minecraft.client.MinecraftClient.get(MinecraftClient.java:48) ~[authlib-3.3.39.jar:?]
	at com.mojang.authlib.yggdrasil.YggdrasilUserApiService.fetchProperties(YggdrasilUserApiService.java:113) ~[authlib-3.3.39.jar:?]
	... 11 more
[18:42:41] [Render thread/INFO] (Minecraft) Setting user: Player947
[18:42:41] [Render thread/INFO] (Indigo) [Indigo] Registering Indigo renderer!
[18:42:43] [Render thread/INFO] (Minecraft) Backend library: LWJGL version 3.2.2 build 10
[18:42:48] [Render thread/INFO] (Minecraft) Narrator library for x64 successfully loaded
[18:42:49] [Render thread/INFO] (Minecraft) Reloading ResourceManager: Default, Fabric Mods (Fabric Content Registries (v0), Fabric Textures (v0), Fabric Item API (v1), Fabric Entity Events (v1), Fabric Renderer - Indigo, Fabric Rendering Data Attachment (v1), Fabric Game Test API (v1), Fabric Events Lifecycle (v0), Fabric API Lookup API (v1), Fabric Networking (v0), Fabric Key Binding API (v1), Fabric Loader, Fabric Data Generation API (v1), Fabric API, Fabric Registry Sync (v0), Fabric Mining Level API (v1), Fabric Loot Tables (v1), Fabric Commands (v0), Fabric Particles (v1), Fabric Lifecycle Events (v1), Fabric Game Rule API (v1), Fabric Renderer API (v1), Fabric Crash Report Info (v1), Fabric Key Bindings (v0), Fabric Renderer Registries (v1), Fabric Rendering (v1), Fabric Rendering (v0), Fabric BlockRenderLayer Registration (v1), Fabric Resource Conditions API (v1), Fabric Object Builder API (v1), Family Mod, Fabric Item Groups (v0), Fabric Rendering Fluids (v1), Fabric Screen Handler API (v1), Fabric Transfer API (v1), Fabric Containers (v0), Fabric Dimensions API (v1), Fabric Biome API (v1), Fabric Models (v0), Fabric Resource Loader (v0), Fabric Command API (v1), Fabric Screen API (v1), Fabric Networking API (v1), Fabric API Base, Fabric Events Interaction (v0))
[18:42:50] [Realms Notification Availability checker #1/INFO] (Minecraft) Could not authorize you against Realms server: Invalid session id
[18:42:58] [Render thread/INFO] (Minecraft) OpenAL initialized on device OpenAL Soft on Altavoces (Realtek High Definition Audio(SST))
[18:42:58] [Render thread/INFO] (Minecraft) Sound engine started
[18:42:59] [Render thread/INFO] (Minecraft) Created: 2048x1024x4 minecraft:textures/atlas/blocks.png-atlas
[18:43:00] [Render thread/INFO] (Minecraft) Created: 256x128x4 minecraft:textures/atlas/signs.png-atlas
[18:43:00] [Render thread/INFO] (Minecraft) Created: 1024x512x4 minecraft:textures/atlas/banner_patterns.png-atlas
[18:43:00] [Render thread/INFO] (Minecraft) Created: 1024x512x4 minecraft:textures/atlas/shield_patterns.png-atlas
[18:43:00] [Render thread/INFO] (Minecraft) Created: 256x256x4 minecraft:textures/atlas/chest.png-atlas
[18:43:00] [Render thread/INFO] (Minecraft) Created: 512x256x4 minecraft:textures/atlas/beds.png-atlas
[18:43:00] [Render thread/INFO] (Minecraft) Created: 512x256x4 minecraft:textures/atlas/shulker_boxes.png-atlas
[18:43:08] [Render thread/INFO] (Minecraft) Created: 256x256x0 minecraft:textures/atlas/particles.png-atlas
[18:43:08] [Render thread/INFO] (Minecraft) Created: 256x256x0 minecraft:textures/atlas/paintings.png-atlas
[18:43:08] [Render thread/INFO] (Minecraft) Created: 256x128x0 minecraft:textures/atlas/mob_effects.png-atlas
[18:43:16] [Render thread/INFO] (Minecraft) Deleting level New World
[18:43:16] [Render thread/INFO] (Minecraft) Attempt 1...
[18:43:30] [Render thread/WARN] (Minecraft) Ambiguity between arguments [teleport, location] and [teleport, destination] with inputs: [0.1 -0.5 .9, 0 0 0]
[18:43:30] [Render thread/WARN] (Minecraft) Ambiguity between arguments [teleport, location] and [teleport, targets] with inputs: [0.1 -0.5 .9, 0 0 0]
[18:43:30] [Render thread/WARN] (Minecraft) Ambiguity between arguments [teleport, destination] and [teleport, targets] with inputs: [Player, 0123, @e, dd12be42-52a9-4a91-a8a1-11c01849e498]
[18:43:30] [Render thread/WARN] (Minecraft) Ambiguity between arguments [teleport, targets] and [teleport, destination] with inputs: [Player, 0123, dd12be42-52a9-4a91-a8a1-11c01849e498]
[18:43:30] [Render thread/WARN] (Minecraft) Ambiguity between arguments [teleport, targets, location] and [teleport, targets, destination] with inputs: [0.1 -0.5 .9, 0 0 0]
[18:43:34] [Render thread/INFO] (Minecraft) Loaded 7 recipes
[18:43:35] [Render thread/INFO] (Minecraft) Loaded 1141 advancements
[18:43:40] [Render thread/INFO] (Minecraft) Environment: authHost='https://authserver.mojang.com', accountsHost='https://api.mojang.com', sessionHost='https://sessionserver.mojang.com', servicesHost='https://api.minecraftservices.com', name='PROD'
[18:43:40] [Render thread/INFO] (BiomeModificationImpl) Applied 50 biome modifications to 50 of 61 new biomes in 57.03 ms
[18:43:40] [Server thread/INFO] (Minecraft) Starting integrated minecraft server version 1.18.2
[18:43:40] [Server thread/INFO] (Minecraft) Generating keypair
[18:44:21] [Server thread/INFO] (Minecraft) Preparing start region for dimension minecraft:overworld
[18:44:22] [Render thread/INFO] (Minecraft) Preparing spawn area: 0%
[18:44:22] [Render thread/INFO] (Minecraft) Preparing spawn area: 0%
[18:44:22] [Render thread/INFO] (Minecraft) Preparing spawn area: 0%
[18:44:22] [Render thread/INFO] (Minecraft) Preparing spawn area: 0%
[18:44:23] [Render thread/INFO] (Minecraft) Preparing spawn area: 0%
[18:44:23] [Render thread/INFO] (Minecraft) Preparing spawn area: 0%
[18:44:24] [Render thread/INFO] (Minecraft) Preparing spawn area: 0%
[18:44:24] [Render thread/INFO] (Minecraft) Preparing spawn area: 0%
[18:44:25] [Render thread/INFO] (Minecraft) Preparing spawn area: 0%
[18:44:25] [Render thread/INFO] (Minecraft) Preparing spawn area: 0%
[18:44:26] [Render thread/INFO] (Minecraft) Preparing spawn area: 0%
[18:44:26] [Render thread/INFO] (Minecraft) Preparing spawn area: 0%
[18:44:27] [Render thread/INFO] (Minecraft) Preparing spawn area: 0%
[18:44:27] [Render thread/INFO] (Minecraft) Preparing spawn area: 0%
[18:44:28] [Render thread/INFO] (Minecraft) Preparing spawn area: 0%
[18:44:28] [Render thread/INFO] (Minecraft) Preparing spawn area: 0%
[18:44:29] [Render thread/INFO] (Minecraft) Preparing spawn area: 0%
[18:44:29] [Render thread/INFO] (Minecraft) Preparing spawn area: 0%
[18:44:30] [Render thread/INFO] (Minecraft) Preparing spawn area: 1%
[18:44:30] [Render thread/INFO] (Minecraft) Preparing spawn area: 1%
[18:44:31] [Render thread/INFO] (Minecraft) Preparing spawn area: 1%
[18:44:31] [Render thread/INFO] (Minecraft) Preparing spawn area: 1%
[18:44:32] [Render thread/INFO] (Minecraft) Preparing spawn area: 1%
[18:44:32] [Render thread/INFO] (Minecraft) Preparing spawn area: 1%
[18:44:33] [Render thread/INFO] (Minecraft) Preparing spawn area: 1%
[18:44:33] [Render thread/INFO] (Minecraft) Preparing spawn area: 1%
[18:44:34] [Render thread/INFO] (Minecraft) Preparing spawn area: 1%
[18:44:34] [Render thread/INFO] (Minecraft) Preparing spawn area: 2%
[18:44:35] [Render thread/INFO] (Minecraft) Preparing spawn area: 3%
[18:44:35] [Render thread/INFO] (Minecraft) Preparing spawn area: 3%
[18:44:36] [Render thread/INFO] (Minecraft) Preparing spawn area: 3%
[18:44:36] [Render thread/INFO] (Minecraft) Preparing spawn area: 3%
[18:44:37] [Render thread/INFO] (Minecraft) Preparing spawn area: 3%
[18:44:37] [Render thread/INFO] (Minecraft) Preparing spawn area: 3%
[18:44:38] [Render thread/INFO] (Minecraft) Preparing spawn area: 4%
[18:44:38] [Render thread/INFO] (Minecraft) Preparing spawn area: 4%
[18:44:39] [Render thread/INFO] (Minecraft) Preparing spawn area: 4%
[18:44:39] [Render thread/INFO] (Minecraft) Preparing spawn area: 4%
[18:44:40] [Render thread/INFO] (Minecraft) Preparing spawn area: 5%
[18:44:40] [Render thread/INFO] (Minecraft) Preparing spawn area: 5%
[18:44:41] [Render thread/INFO] (Minecraft) Preparing spawn area: 5%
[18:44:41] [Render thread/INFO] (Minecraft) Preparing spawn area: 6%
[18:44:42] [Render thread/INFO] (Minecraft) Preparing spawn area: 6%
[18:44:42] [Render thread/INFO] (Minecraft) Preparing spawn area: 6%
[18:44:43] [Render thread/INFO] (Minecraft) Preparing spawn area: 6%
[18:44:43] [Render thread/INFO] (Minecraft) Preparing spawn area: 7%
[18:44:44] [Render thread/INFO] (Minecraft) Preparing spawn area: 7%
[18:44:44] [Render thread/INFO] (Minecraft) Preparing spawn area: 8%
[18:44:48] [Render thread/INFO] (Minecraft) Preparing spawn area: 8%
[18:44:48] [Render thread/INFO] (Minecraft) Preparing spawn area: 8%
[18:44:48] [Render thread/INFO] (Minecraft) Preparing spawn area: 8%
[18:44:48] [Render thread/INFO] (Minecraft) Preparing spawn area: 8%
[18:44:48] [Render thread/INFO] (Minecraft) Preparing spawn area: 8%
[18:44:48] [Render thread/INFO] (Minecraft) Preparing spawn area: 8%
[18:44:48] [Render thread/INFO] (Minecraft) Preparing spawn area: 8%
[18:44:48] [Render thread/INFO] (Minecraft) Preparing spawn area: 8%
[18:44:49] [Render thread/INFO] (Minecraft) Preparing spawn area: 9%
[18:44:49] [Render thread/INFO] (Minecraft) Preparing spawn area: 9%
[18:44:50] [Render thread/INFO] (Minecraft) Preparing spawn area: 9%
[18:44:50] [Render thread/INFO] (Minecraft) Preparing spawn area: 9%
[18:44:51] [Render thread/INFO] (Minecraft) Preparing spawn area: 10%
[18:44:51] [Render thread/INFO] (Minecraft) Preparing spawn area: 10%
[18:44:52] [Render thread/INFO] (Minecraft) Preparing spawn area: 10%
[18:44:52] [Render thread/INFO] (Minecraft) Preparing spawn area: 11%
[18:44:53] [Render thread/INFO] (Minecraft) Preparing spawn area: 11%
[18:44:53] [Render thread/INFO] (Minecraft) Preparing spawn area: 11%
[18:44:54] [Render thread/INFO] (Minecraft) Preparing spawn area: 12%
[18:44:54] [Render thread/INFO] (Minecraft) Preparing spawn area: 12%
[18:44:55] [Render thread/INFO] (Minecraft) Preparing spawn area: 13%
[18:44:55] [Render thread/INFO] (Minecraft) Preparing spawn area: 13%
[18:44:56] [Render thread/INFO] (Minecraft) Preparing spawn area: 13%
[18:44:56] [Render thread/INFO] (Minecraft) Preparing spawn area: 15%
[18:44:57] [Render thread/INFO] (Minecraft) Preparing spawn area: 15%
[18:44:57] [Render thread/INFO] (Minecraft) Preparing spawn area: 15%
[18:44:58] [Render thread/INFO] (Minecraft) Preparing spawn area: 15%
[18:44:58] [Render thread/INFO] (Minecraft) Preparing spawn area: 16%
[18:44:59] [Render thread/INFO] (Minecraft) Preparing spawn area: 16%
[18:44:59] [Render thread/INFO] (Minecraft) Preparing spawn area: 16%
[18:45:00] [Render thread/INFO] (Minecraft) Preparing spawn area: 17%
[18:45:02] [Render thread/INFO] (Minecraft) Preparing spawn area: 17%
[18:45:02] [Render thread/INFO] (Minecraft) Preparing spawn area: 17%
[18:45:02] [Render thread/INFO] (Minecraft) Preparing spawn area: 17%
[18:45:02] [Render thread/INFO] (Minecraft) Preparing spawn area: 17%
[18:45:02] [Render thread/INFO] (Minecraft) Preparing spawn area: 18%
[18:45:03] [Render thread/INFO] (Minecraft) Preparing spawn area: 18%
[18:45:03] [Render thread/INFO] (Minecraft) Preparing spawn area: 18%
[18:45:04] [Render thread/INFO] (Minecraft) Preparing spawn area: 19%
[18:45:04] [Render thread/INFO] (Minecraft) Preparing spawn area: 22%
[18:45:05] [Render thread/INFO] (Minecraft) Preparing spawn area: 23%
[18:45:05] [Render thread/INFO] (Minecraft) Preparing spawn area: 24%
[18:45:06] [Render thread/INFO] (Minecraft) Preparing spawn area: 25%
[18:45:06] [Render thread/INFO] (Minecraft) Preparing spawn area: 25%
[18:45:07] [Render thread/INFO] (Minecraft) Preparing spawn area: 26%
[18:45:07] [Render thread/INFO] (Minecraft) Preparing spawn area: 26%
[18:45:08] [Render thread/INFO] (Minecraft) Preparing spawn area: 27%
[18:45:08] [Render thread/INFO] (Minecraft) Preparing spawn area: 29%
[18:45:09] [Render thread/INFO] (Minecraft) Preparing spawn area: 30%
[18:45:09] [Render thread/INFO] (Minecraft) Preparing spawn area: 31%
[18:45:10] [Render thread/INFO] (Minecraft) Preparing spawn area: 32%
[18:45:10] [Render thread/INFO] (Minecraft) Preparing spawn area: 32%
[18:45:11] [Render thread/INFO] (Minecraft) Preparing spawn area: 33%
[18:45:11] [Render thread/INFO] (Minecraft) Preparing spawn area: 34%
[18:45:12] [Render thread/INFO] (Minecraft) Preparing spawn area: 35%
[18:45:12] [Render thread/INFO] (Minecraft) Preparing spawn area: 35%
[18:45:13] [Render thread/INFO] (Minecraft) Preparing spawn area: 37%
[18:45:13] [Render thread/INFO] (Minecraft) Preparing spawn area: 38%
[18:45:14] [Render thread/INFO] (Minecraft) Preparing spawn area: 39%
[18:45:14] [Render thread/INFO] (Minecraft) Preparing spawn area: 41%
[18:45:15] [Render thread/INFO] (Minecraft) Preparing spawn area: 42%
[18:45:15] [Render thread/INFO] (Minecraft) Preparing spawn area: 43%
[18:45:16] [Render thread/INFO] (Minecraft) Preparing spawn area: 43%
[18:45:16] [Render thread/INFO] (Minecraft) Preparing spawn area: 44%
[18:45:17] [Render thread/INFO] (Minecraft) Preparing spawn area: 45%
[18:45:17] [Render thread/INFO] (Minecraft) Preparing spawn area: 46%
[18:45:18] [Render thread/INFO] (Minecraft) Preparing spawn area: 46%
[18:45:18] [Render thread/INFO] (Minecraft) Preparing spawn area: 48%
[18:45:19] [Render thread/INFO] (Minecraft) Preparing spawn area: 48%
[18:45:19] [Render thread/INFO] (Minecraft) Preparing spawn area: 49%
[18:45:20] [Render thread/INFO] (Minecraft) Preparing spawn area: 50%
[18:45:20] [Render thread/INFO] (Minecraft) Preparing spawn area: 52%
[18:45:21] [Render thread/INFO] (Minecraft) Preparing spawn area: 53%
[18:45:21] [Render thread/INFO] (Minecraft) Preparing spawn area: 54%
[18:45:22] [Render thread/INFO] (Minecraft) Preparing spawn area: 54%
[18:45:22] [Render thread/INFO] (Minecraft) Preparing spawn area: 55%
[18:45:23] [Render thread/INFO] (Minecraft) Preparing spawn area: 55%
[18:45:23] [Render thread/INFO] (Minecraft) Preparing spawn area: 56%
[18:45:24] [Render thread/INFO] (Minecraft) Preparing spawn area: 57%
[18:45:24] [Render thread/INFO] (Minecraft) Preparing spawn area: 57%
[18:45:25] [Render thread/INFO] (Minecraft) Preparing spawn area: 59%
[18:45:25] [Render thread/INFO] (Minecraft) Preparing spawn area: 60%
[18:45:26] [Render thread/INFO] (Minecraft) Preparing spawn area: 61%
[18:45:26] [Render thread/INFO] (Minecraft) Preparing spawn area: 62%
[18:45:27] [Render thread/INFO] (Minecraft) Preparing spawn area: 64%
[18:45:27] [Render thread/INFO] (Minecraft) Preparing spawn area: 66%
[18:45:28] [Render thread/INFO] (Minecraft) Preparing spawn area: 67%
[18:45:28] [Render thread/INFO] (Minecraft) Preparing spawn area: 68%
[18:45:29] [Render thread/INFO] (Minecraft) Preparing spawn area: 68%
[18:45:29] [Render thread/INFO] (Minecraft) Preparing spawn area: 69%
[18:45:30] [Render thread/INFO] (Minecraft) Preparing spawn area: 70%
[18:45:30] [Render thread/INFO] (Minecraft) Preparing spawn area: 70%
[18:45:31] [Render thread/INFO] (Minecraft) Preparing spawn area: 72%
[18:45:31] [Render thread/INFO] (Minecraft) Preparing spawn area: 72%
[18:45:32] [Render thread/INFO] (Minecraft) Preparing spawn area: 73%
[18:45:32] [Render thread/INFO] (Minecraft) Preparing spawn area: 75%
[18:45:33] [Render thread/INFO] (Minecraft) Preparing spawn area: 76%
[18:45:33] [Render thread/INFO] (Minecraft) Preparing spawn area: 76%
[18:45:34] [Render thread/INFO] (Minecraft) Preparing spawn area: 77%
[18:45:34] [Render thread/INFO] (Minecraft) Preparing spawn area: 79%
[18:45:35] [Render thread/INFO] (Minecraft) Preparing spawn area: 80%
[18:45:35] [Render thread/INFO] (Minecraft) Preparing spawn area: 81%
[18:45:36] [Render thread/INFO] (Minecraft) Preparing spawn area: 83%
[18:45:36] [Render thread/INFO] (Minecraft) Preparing spawn area: 83%
[18:45:37] [Render thread/INFO] (Minecraft) Preparing spawn area: 84%
[18:45:37] [Render thread/INFO] (Minecraft) Preparing spawn area: 84%
[18:45:38] [Render thread/INFO] (Minecraft) Preparing spawn area: 85%
[18:45:38] [Render thread/INFO] (Minecraft) Preparing spawn area: 86%
[18:45:39] [Render thread/INFO] (Minecraft) Preparing spawn area: 86%
[18:45:39] [Render thread/INFO] (Minecraft) Preparing spawn area: 87%
[18:45:40] [Render thread/INFO] (Minecraft) Preparing spawn area: 88%
[18:45:40] [Render thread/INFO] (Minecraft) Preparing spawn area: 88%
[18:45:41] [Render thread/INFO] (Minecraft) Preparing spawn area: 90%
[18:45:41] [Render thread/INFO] (Minecraft) Preparing spawn area: 91%
[18:45:42] [Render thread/INFO] (Minecraft) Preparing spawn area: 92%
[18:45:42] [Render thread/INFO] (Minecraft) Preparing spawn area: 93%
[18:45:43] [Render thread/INFO] (Minecraft) Preparing spawn area: 95%
[18:45:43] [Render thread/INFO] (Minecraft) Preparing spawn area: 96%
[18:45:44] [Render thread/INFO] (Minecraft) Preparing spawn area: 98%
[18:45:44] [Render thread/INFO] (Minecraft) Preparing spawn area: 99%
[18:45:44] [Render thread/INFO] (Minecraft) Time elapsed: 83608 ms
[18:45:44] [Server thread/INFO] (Minecraft) Changing view distance to 12, from 10
[18:45:44] [Server thread/INFO] (Minecraft) Changing simulation distance to 12, from 0
[18:45:46] [Server thread/INFO] (Minecraft) Player947[local:E:033bdb23] logged in with entity id 208 at (-24.5, 70.0, -79.5)
[18:45:46] [Server thread/INFO] (Minecraft) Player947 joined the game
[18:45:47] [Server thread/WARN] (Minecraft) Can't keep up! Is the server overloaded? Running 2221ms or 44 ticks behind
[18:45:47] [Render thread/INFO] (Minecraft) Loaded 0 advancements
[18:46:06] [Server thread/WARN] (Minecraft) Can't keep up! Is the server overloaded? Running 4145ms or 82 ticks behind
[18:46:06] [Server thread/INFO] (Minecraft) Saving and pausing game...
[18:46:06] [Server thread/INFO] (Minecraft) Saving chunks for level 'ServerLevel[New World]'/minecraft:overworld
[18:46:10] [Server thread/INFO] (Minecraft) Saving chunks for level 'ServerLevel[New World]'/minecraft:the_end
[18:46:10] [Server thread/INFO] (Minecraft) Saving chunks for level 'ServerLevel[New World]'/minecraft:the_nether
[18:46:43] [Render thread/INFO] (Minecraft) Loaded 7 advancements
[18:46:57] [Server thread/INFO] (Minecraft) [Player947: Set own game mode to Survival Mode]
[18:46:57] [Render thread/INFO] (Minecraft) [CHAT] Set own game mode to Survival Mode
[18:47:13] [Server thread/INFO] (Minecraft) [Player947: Gave 1 [Diamond Pickaxe] to Player947]
[18:47:13] [Render thread/INFO] (Minecraft) [CHAT] Gave 1 [Diamond Pickaxe] to Player947
[18:47:36] [Server thread/INFO] (Minecraft) Player947 has made the advancement [Isn't It Iron Pick]
[18:47:36] [Server thread/INFO] (Minecraft) [Player947: Gave 1 [Iron Pickaxe] to Player947]
[18:47:36] [Render thread/INFO] (Minecraft) [CHAT] Player947 has made the advancement [Isn't It Iron Pick]
[18:47:36] [Render thread/INFO] (Minecraft) [CHAT] Gave 1 [Iron Pickaxe] to Player947
[18:47:36] [Render thread/INFO] (Minecraft) Loaded 17 advancements
[18:47:53] [Server thread/INFO] (Minecraft) Saving and pausing game...
[18:47:53] [Server thread/INFO] (Minecraft) Saving chunks for level 'ServerLevel[New World]'/minecraft:overworld
[18:47:53] [Server thread/INFO] (Minecraft) Saving chunks for level 'ServerLevel[New World]'/minecraft:the_end
[18:47:53] [Server thread/INFO] (Minecraft) Saving chunks for level 'ServerLevel[New World]'/minecraft:the_nether
[18:47:54] [Render thread/INFO] (Minecraft) Stopping!
[18:47:54] [Server thread/INFO] (Minecraft) Player947 lost connection: Disconnected
[18:47:54] [Server thread/INFO] (Minecraft) Player947 left the game
[18:47:54] [Server thread/INFO] (Minecraft) Stopping singleplayer server as player logged out
[18:47:54] [Server thread/INFO] (Minecraft) Stopping server
[18:47:54] [Server thread/INFO] (Minecraft) Saving players
[18:47:54] [Server thread/INFO] (Minecraft) Saving worlds
[18:47:59] [Server thread/INFO] (Minecraft) Saving chunks for level 'ServerLevel[New World]'/minecraft:overworld
[18:48:01] [Server thread/INFO] (Minecraft) Saving chunks for level 'ServerLevel[New World]'/minecraft:the_end
[18:48:01] [Server thread/INFO] (Minecraft) Saving chunks for level 'ServerLevel[New World]'/minecraft:the_nether
[18:48:01] [Server thread/INFO] (Minecraft) ThreadedAnvilChunkStorage (New World): All chunks are saved
[18:48:01] [Server thread/INFO] (Minecraft) ThreadedAnvilChunkStorage (DIM1): All chunks are saved
[18:48:01] [Server thread/INFO] (Minecraft) ThreadedAnvilChunkStorage (DIM-1): All chunks are saved
[18:48:01] [Server thread/INFO] (Minecraft) ThreadedAnvilChunkStorage: All dimensions are saved
